<?xml version="1.0" encoding="UTF-8"?>
<!-- Generated by org.testng.reporters.JUnitReportReporter -->
<testsuite hostname="PREETIKHARE" failures="0" tests="3" name="javaTestNG.TestNG1" time="0.006" errors="0" timestamp="2022-12-12T20:20:57 IST" skipped="1">
  <testcase classname="javaTestNG.TestNG1" name="a2" time="0.004"/>
  <system-out/>
  <testcase classname="javaTestNG.TestNG1" name="a2" time="0.002"/>
  <system-out/>
  <testcase classname="javaTestNG.TestNG1" name="a1">
    <skipped/>
  </testcase> <!-- a1 -->
  <system-out/>
</testsuite> <!-- javaTestNG.TestNG1 -->
