<?xml version="1.0" encoding="UTF-8"?>
<!-- Generated by org.testng.reporters.JUnitReportReporter -->
<testsuite hostname="PREETIKHARE" failures="0" tests="1" name="javaSelenium.Facebookpageauto" time="4.552" errors="0" timestamp="2022-06-20T14:11:35 IST" skipped="0">
  <testcase classname="javaSelenium.Facebookpageauto" name="facebook" time="4.552"/>
  <system-out/>
</testsuite> <!-- javaSelenium.Facebookpageauto -->
